C:/Users/James/code/windex/include/wex.h:80: warning: argument 'is' of command @param is not found in the argument list of wex::modalMgr::canClose(int id)
C:/Users/James/code/windex/include/wex.h:87: warning: The following parameter of wex::modalMgr::canClose(int id) is not documented:
  parameter 'id'
C:/Users/James/code/windex/include/wex.h:61: warning: The following parameter of wex::modalMgr::set(int id, HWND h) is not documented:
  parameter 'h'
C:/Users/James/code/windex/include/wex.h:333: warning: The following parameter of wex::eventhandler::change(int id, std::function< void(void)> f) is not documented:
  parameter 'f'
C:/Users/James/code/windex/include/wex.h:640: warning: argument 'se' of command @param is not found in the argument list of wex::shapes::arc(int x, int y, double r, double sa, double ea)
C:/Users/James/code/windex/include/wex.h:648: warning: The following parameter of wex::shapes::arc(int x, int y, double r, double sa, double ea) is not documented:
  parameter 'ea'
C:/Users/James/code/windex/include/wex.h:630: warning: argument 'point' of command @param is not found in the argument list of wex::shapes::polygon(const std::vector< int > &v)
C:/Users/James/code/windex/include/wex.h:632: warning: The following parameter of wex::shapes::polygon(const std::vector< int > &v) is not documented:
  parameter 'v'
C:/Users/James/code/windex/include/com.h:249: warning: Unsupported xml/html tag <pr> found
C:/Users/James/code/windex/include/com.h:249: warning: found </pre> tag without matching <pre>
C:/Users/James/code/windex/include/tcp.h:81: warning: argument 'defaults' of command @param is not found in the argument list of wex::tcp::server(const std::string &port="27654")
C:/Users/James/code/windex/include/filebox.h:41: warning: argument 'buf' of command @param is not found in the argument list of wex::filebox::filter(const char *fbuf)
C:/Users/James/code/windex/include/filebox.h:47: warning: The following parameter of wex::filebox::filter(const char *fbuf) is not documented:
  parameter 'fbuf'
C:/Users/James/code/windex/include/plot2d.h:620: warning: explicit link request to 'include' could not be resolved
C:/Users/James/code/windex/include/plot2d.h:621: warning: explicit link request to 'include' could not be resolved
